10.389683841091507 18:49:08
10.54240357234668 18:49:14
10.695123303601852 18:49:20
10.847843034857025 18:49:26
11.000562766112198 18:49:32
11.15328249736737 18:49:38
11.306002228622543 18:49:44
11.458721959877716 18:49:50
11.611441691132889 18:49:56
11.764161422388062 18:50:02
11.916881153643233 18:50:08
12.069600884898406 18:50:14
12.222320616153578 18:50:20
12.375040347408751 18:50:26
12.527760078663924 18:50:32
12.680479809919095 18:50:38
12.833199541174269 18:50:44
12.985919272429442 18:50:50
13.138639003684615 18:50:56
13.291358734939788 18:51:02
13.44407846619496 18:51:08
13.596798197450132 18:51:14
13.749517928705306 18:51:20
13.902237659960477 18:51:26
14.05495739121565 18:51:32
14.207677122470821 18:51:38
14.360396853725995 18:51:44
14.513116584981168 18:51:50
14.66583631623634 18:51:56
14.818556047491514 18:52:02
14.971275778746685 18:52:08
15.123995510001858 18:52:14
-15.267231009777491 18:52:20
-14.24909946807634 18:52:26
-14.961791547267145 18:52:32
-14.809071816011974 18:52:38
-14.6563520847568 18:52:44
-14.503632353501628 18:52:50
-14.350912622246454 18:52:56
